<?xml version="1.0" encoding="UTF-8"?>
<!-- Generated by org.testng.reporters.JUnitReportReporter -->
<testsuite hostname="DESKTOP-S2O9OQ7" failures="0" tests="1" name="JDBC.Script" time="1.024" errors="0" timestamp="2022-09-18T22:51:00 IST" skipped="0">
  <testcase classname="JDBC.Script" name="script" time="1.024"/>
  <system-out/>
</testsuite> <!-- JDBC.Script -->
