<?xml version="1.0" encoding="UTF-8"?>
<!-- Generated by org.testng.reporters.JUnitReportReporter -->
<testsuite hostname="DESKTOP-S2O9OQ7" failures="0" tests="1" name="Generic.Script" time="27.270" errors="0" timestamp="2022-09-09T23:58:53 IST" skipped="0">
  <testcase classname="Generic.Script" name="Login1" time="27.270"/>
  <system-out/>
</testsuite> <!-- Generic.Script -->
