<?xml version="1.0" encoding="UTF-8"?>
<!-- Generated by org.testng.reporters.JUnitReportReporter -->
<testsuite hostname="DESKTOP-S2O9OQ7" failures="0" tests="1" name="Generic.Assrtcls" time="22.436" errors="0" timestamp="2022-09-10T00:12:17 IST" skipped="0">
  <testcase classname="Generic.Assrtcls" name="Login1" time="22.436"/>
  <system-out/>
</testsuite> <!-- Generic.Assrtcls -->
