<?xml version="1.0" encoding="UTF-8"?>
<!-- Generated by org.testng.reporters.JUnitReportReporter -->
<testsuite hostname="DESKTOP-S2O9OQ7" failures="0" tests="1" name="Generic.Softasrt1" time="31.218" errors="0" timestamp="2022-09-10T00:18:32 IST" skipped="0">
  <testcase classname="Generic.Softasrt1" name="Login1" time="31.218"/>
  <system-out/>
</testsuite> <!-- Generic.Softasrt1 -->
